<?xml version="1.0" encoding="UTF-8"?>
<!-- Generated by org.testng.reporters.JUnitReportReporter -->
<testsuite skipped="0" hostname="Anurag" name="ohrmtestng_testcase.Employee_registration_testcase" tests="1" failures="0" timestamp="08 Feb 2022 20:05:27 GMT" time="4.218" errors="0">
  <testcase name="checkEmployeRegistration" time="4.218" classname="ohrmtestng_testcase.Employee_registration_testcase"/>
</testsuite> <!-- ohrmtestng_testcase.Employee_registration_testcase -->
