<?xml version="1.0" encoding="UTF-8"?>
<!-- Generated by org.testng.reporters.JUnitReportReporter -->
<testsuite skipped="0" hostname="Anurag" name="ohrmtestng_testcase.Adminlogin_with_invalidinput" tests="1" failures="0" timestamp="08 Feb 2022 20:05:27 GMT" time="0.788" errors="0">
  <testcase name="CheckAdminlogin" time="0.788" classname="ohrmtestng_testcase.Adminlogin_with_invalidinput"/>
</testsuite> <!-- ohrmtestng_testcase.Adminlogin_with_invalidinput -->
